Arguments: 
  C:\Program Files\nodejs\node.exe C:\Users\89354\AppData\Roaming\npm\node_modules\yarn\bin\yarn.js add optimize-css-webpack-plugin

PATH: 
  C:\Program Files\Git\mingw64\bin;C:\Program Files\Git\usr\bin;C:\Users\89354\bin;C:\Program Files (x86)\Common Files\Intel\Shared Libraries\redist\intel64\compiler;C:\Program Files (x86)\Intel\iCLS Client;C:\Program Files\Intel\iCLS Client;C:\windows\system32;C:\windows;C:\windows\System32\Wbem;C:\windows\System32\WindowsPowerShell\v1.0;C:\Program Files (x86)\Intel\Intel(R) Management Engine Components\DAL;C:\Program Files\Intel\Intel(R) Management Engine Components\DAL;C:\Program Files (x86)\Intel\Intel(R) Management Engine Components\IPT;C:\Program Files\Intel\Intel(R) Management Engine Components\IPT;C:\Program Files (x86)\NVIDIA Corporation\PhysX\Common;C:\Program Files\Intel\WiFi\bin;D:\python27;C:\Program Files\Common Files\Intel\WirelessCommon;C:\WINDOWS\system32;C:\WINDOWS;C:\WINDOWS\System32\Wbem;C:\WINDOWS\System32\WindowsPowerShell\v1.0;C:\WINDOWS\System32\OpenSSH;C:\Program Files\dotnet;C:\altera\72\quartus\bin;C:\Program Files\Java\jdk-13.0.1\bin;C:\Program Files\MySQL\MySQL Server 8.0\bin;C:\Program Files\Git\cmd;D:\matlab\matlab7.0\bin\win32;F:\AI\Anaconda;F:\AI\Anaconda\Scripts;C:\Program Files\MySQL\MySQL Server 8.0\bin;C:\Users\89354\AppData\Roaming\nvm;C:\Program Files\nodejs;F:\redis;C:\Program Files\nodejs;C:\Users\89354\AppData\Roaming\npm;C:\Users\89354\AppData\Local\Microsoft\WindowsApps;D:\python27;C:\python\Scripts;C:\python;C:\Users\89354\AppData\Local\Microsoft\WindowsApps;E:\vscode\Microsoft VS Code\bin;D:\development\flutter_windows_1.22.5-stable\flutter\bin;D:\androidStudio\sdk\extras\intel\android_avd;C:\Users\89354\AppData\Roaming\Microsoft\Windows\Start Menu\Programs\Python 3.8;C:\Program Files (x86)\Google\Chrome\Application;C:\Users\89354\AppData\Roaming\nvm;C:\Program Files\nodejs;C:\Users\89354\AppData\Roaming\npm;C:\Users\89354\AppData\Local\Yarn\bin;C:\Users\89354\AppData\Roaming\npm

Yarn version: 
  1.22.10

Node version: 
  14.15.4

Platform: 
  win32 x64

Trace: 
  Error: https://registry.npm.taobao.org/optimize-css-webpack-plugin: Not found
      at Request.params.callback [as _callback] (C:\Users\89354\AppData\Roaming\npm\node_modules\yarn\lib\cli.js:66988:18)
      at Request.self.callback (C:\Users\89354\AppData\Roaming\npm\node_modules\yarn\lib\cli.js:140662:22)
      at Request.emit (events.js:315:20)
      at Request.<anonymous> (C:\Users\89354\AppData\Roaming\npm\node_modules\yarn\lib\cli.js:141634:10)
      at Request.emit (events.js:315:20)
      at IncomingMessage.<anonymous> (C:\Users\89354\AppData\Roaming\npm\node_modules\yarn\lib\cli.js:141556:12)
      at Object.onceWrapper (events.js:421:28)
      at IncomingMessage.emit (events.js:327:22)
      at endReadableNT (internal/streams/readable.js:1327:12)
      at processTicksAndRejections (internal/process/task_queues.js:80:21)

npm manifest: 
  {
    "name": "webpack-split",
    "version": "1.0.0",
    "main": "index.js",
    "license": "MIT",
    "dependencies": {
      "clean-webpack-plugin": "^4.0.0-alpha.0",
      "css-loader": "^5.2.6",
      "html-webpack-plugin": "^5.3.2",
      "mini-css-extract-plugin": "^1.6.0",
      "style-loader": "^3.0.0",
      "webpack": "^5.40.0",
      "webpack-cli": "^4.7.2"
    },
    "scripts": {
      "build": "webpack"
    }
  }

yarn manifest: 
  No manifest

Lockfile: 
  # THIS IS AN AUTOGENERATED FILE. DO NOT EDIT THIS FILE DIRECTLY.
  # yarn lockfile v1
  
  
  "@discoveryjs/json-ext@^0.5.0":
    version "0.5.3"
    resolved "https://registry.nlark.com/@discoveryjs/json-ext/download/@discoveryjs/json-ext-0.5.3.tgz#90420f9f9c6d3987f176a19a7d8e764271a2f55d"
    integrity sha1-kEIPn5xtOYfxdqGafY52QnGi9V0=
  
  "@types/eslint-scope@^3.7.0":
    version "3.7.0"
    resolved "https://registry.nlark.com/@types/eslint-scope/download/@types/eslint-scope-3.7.0.tgz#4792816e31119ebd506902a482caec4951fabd86"
    integrity sha1-R5KBbjERnr1QaQKkgsrsSVH6vYY=
    dependencies:
      "@types/eslint" "*"
      "@types/estree" "*"
  
  "@types/eslint@*":
    version "7.2.13"
    resolved "https://registry.nlark.com/@types/eslint/download/@types/eslint-7.2.13.tgz?cache=0&sync_timestamp=1622583754192&other_urls=https%3A%2F%2Fregistry.nlark.com%2F%40types%2Feslint%2Fdownload%2F%40types%2Feslint-7.2.13.tgz#e0ca7219ba5ded402062ad6f926d491ebb29dd53"
    integrity sha1-4MpyGbpd7UAgYq1vkm1JHrsp3VM=
    dependencies:
      "@types/estree" "*"
      "@types/json-schema" "*"
  
  "@types/estree@*":
    version "0.0.48"
    resolved "https://registry.nlark.com/@types/estree/download/@types/estree-0.0.48.tgz?cache=0&sync_timestamp=1622611944045&other_urls=https%3A%2F%2Fregistry.nlark.com%2F%40types%2Festree%2Fdownload%2F%40types%2Festree-0.0.48.tgz#18dc8091b285df90db2f25aa7d906cfc394b7f74"
    integrity sha1-GNyAkbKF35DbLyWqfZBs/DlLf3Q=
  
  "@types/estree@^0.0.47":
    version "0.0.47"
    resolved "https://registry.nlark.com/@types/estree/download/@types/estree-0.0.47.tgz?cache=0&sync_timestamp=1622611944045&other_urls=https%3A%2F%2Fregistry.nlark.com%2F%40types%2Festree%2Fdownload%2F%40types%2Festree-0.0.47.tgz#d7a51db20f0650efec24cd04994f523d93172ed4"
    integrity sha1-16Udsg8GUO/sJM0EmU9SPZMXLtQ=
  
  "@types/glob@^7.1.1":
    version "7.1.3"
    resolved "https://registry.nlark.com/@types/glob/download/@types/glob-7.1.3.tgz#e6ba80f36b7daad2c685acd9266382e68985c183"
    integrity sha1-5rqA82t9qtLGhazZJmOC5omFwYM=
    dependencies:
      "@types/minimatch" "*"
      "@types/node" "*"
  
  "@types/html-minifier-terser@^5.0.0":
    version "5.1.1"
    resolved "https://registry.nlark.com/@types/html-minifier-terser/download/@types/html-minifier-terser-5.1.1.tgz?cache=0&sync_timestamp=1621241343144&other_urls=https%3A%2F%2Fregistry.nlark.com%2F%40types%2Fhtml-minifier-terser%2Fdownload%2F%40types%2Fhtml-minifier-terser-5.1.1.tgz#3c9ee980f1a10d6021ae6632ca3e79ca2ec4fb50"
    integrity sha1-PJ7pgPGhDWAhrmYyyj55yi7E+1A=
  
  "@types/json-schema@*", "@types/json-schema@^7.0.6":
    version "7.0.7"
    resolved "https://registry.nlark.com/@types/json-schema/download/@types/json-schema-7.0.7.tgz#98a993516c859eb0d5c4c8f098317a9ea68db9ad"
    integrity sha1-mKmTUWyFnrDVxMjwmDF6nqaNua0=
  
  "@types/minimatch@*":
    version "3.0.4"
    resolved "https://registry.nlark.com/@types/minimatch/download/@types/minimatch-3.0.4.tgz#f0ec25dbf2f0e4b18647313ac031134ca5b24b21"
    integrity sha1-8Owl2/Lw5LGGRzE6wDETTKWySyE=
  
  "@types/node@*":
    version "15.12.4"
    resolved "https://registry.nlark.com/@types/node/download/@types/node-15.12.4.tgz?cache=0&sync_timestamp=1624437242670&other_urls=https%3A%2F%2Fregistry.nlark.com%2F%40types%2Fnode%2Fdownload%2F%40types%2Fnode-15.12.4.tgz#e1cf817d70a1e118e81922c4ff6683ce9d422e26"
    integrity sha1-4c+BfXCh4RjoGSLE/2aDzp1CLiY=
  
  "@webassemblyjs/ast@1.11.0":
    version "1.11.0"
    resolved "https://registry.nlark.com/@webassemblyjs/ast/download/@webassemblyjs/ast-1.11.0.tgz#a5aa679efdc9e51707a4207139da57920555961f"
    integrity sha1-papnnv3J5RcHpCBxOdpXkgVVlh8=
    dependencies:
      "@webassemblyjs/helper-numbers" "1.11.0"
      "@webassemblyjs/helper-wasm-bytecode" "1.11.0"
  
  "@webassemblyjs/floating-point-hex-parser@1.11.0":
    version "1.11.0"
    resolved "https://registry.npm.taobao.org/@webassemblyjs/floating-point-hex-parser/download/@webassemblyjs/floating-point-hex-parser-1.11.0.tgz?cache=0&sync_timestamp=1610041384204&other_urls=https%3A%2F%2Fregistry.npm.taobao.org%2F%40webassemblyjs%2Ffloating-point-hex-parser%2Fdownload%2F%40webassemblyjs%2Ffloating-point-hex-parser-1.11.0.tgz#34d62052f453cd43101d72eab4966a022587947c"
    integrity sha1-NNYgUvRTzUMQHXLqtJZqAiWHlHw=
  
  "@webassemblyjs/helper-api-error@1.11.0":
    version "1.11.0"
    resolved "https://registry.nlark.com/@webassemblyjs/helper-api-error/download/@webassemblyjs/helper-api-error-1.11.0.tgz#aaea8fb3b923f4aaa9b512ff541b013ffb68d2d4"
    integrity sha1-quqPs7kj9KqptRL/VBsBP/to0tQ=
  
  "@webassemblyjs/helper-buffer@1.11.0":
    version "1.11.0"
    resolved "https://registry.nlark.com/@webassemblyjs/helper-buffer/download/@webassemblyjs/helper-buffer-1.11.0.tgz#d026c25d175e388a7dbda9694e91e743cbe9b642"
    integrity sha1-0CbCXRdeOIp9valpTpHnQ8vptkI=
  
  "@webassemblyjs/helper-numbers@1.11.0":
    version "1.11.0"
    resolved "https://registry.npm.taobao.org/@webassemblyjs/helper-numbers/download/@webassemblyjs/helper-numbers-1.11.0.tgz#7ab04172d54e312cc6ea4286d7d9fa27c88cd4f9"
    integrity sha1-erBBctVOMSzG6kKG19n6J8iM1Pk=
    dependencies:
      "@webassemblyjs/floating-point-hex-parser" "1.11.0"
      "@webassemblyjs/helper-api-error" "1.11.0"
      "@xtuc/long" "4.2.2"
  
  "@webassemblyjs/helper-wasm-bytecode@1.11.0":
    version "1.11.0"
    resolved "https://registry.npm.taobao.org/@webassemblyjs/helper-wasm-bytecode/download/@webassemblyjs/helper-wasm-bytecode-1.11.0.tgz?cache=0&sync_timestamp=1610041385277&other_urls=https%3A%2F%2Fregistry.npm.taobao.org%2F%40webassemblyjs%2Fhelper-wasm-bytecode%2Fdownload%2F%40webassemblyjs%2Fhelper-wasm-bytecode-1.11.0.tgz#85fdcda4129902fe86f81abf7e7236953ec5a4e1"
    integrity sha1-hf3NpBKZAv6G+Bq/fnI2lT7FpOE=
  
  "@webassemblyjs/helper-wasm-section@1.11.0":
    version "1.11.0"
    resolved "https://registry.nlark.com/@webassemblyjs/helper-wasm-section/download/@webassemblyjs/helper-wasm-section-1.11.0.tgz#9ce2cc89300262509c801b4af113d1ca25c1a75b"
    integrity sha1-nOLMiTACYlCcgBtK8RPRyiXBp1s=
    dependencies:
      "@webassemblyjs/ast" "1.11.0"
      "@webassemblyjs/helper-buffer" "1.11.0"
      "@webassemblyjs/helper-wasm-bytecode" "1.11.0"
      "@webassemblyjs/wasm-gen" "1.11.0"
  
  "@webassemblyjs/ieee754@1.11.0":
    version "1.11.0"
    resolved "https://registry.npm.taobao.org/@webassemblyjs/ieee754/download/@webassemblyjs/ieee754-1.11.0.tgz?cache=0&sync_timestamp=1610041385781&other_urls=https%3A%2F%2Fregistry.npm.taobao.org%2F%40webassemblyjs%2Fieee754%2Fdownload%2F%40webassemblyjs%2Fieee754-1.11.0.tgz#46975d583f9828f5d094ac210e219441c4e6f5cf"
    integrity sha1-RpddWD+YKPXQlKwhDiGUQcTm9c8=
    dependencies:
      "@xtuc/ieee754" "^1.2.0"
  
  "@webassemblyjs/leb128@1.11.0":
    version "1.11.0"
    resolved "https://registry.npm.taobao.org/@webassemblyjs/leb128/download/@webassemblyjs/leb128-1.11.0.tgz?cache=0&sync_timestamp=1610041385570&other_urls=https%3A%2F%2Fregistry.npm.taobao.org%2F%40webassemblyjs%2Fleb128%2Fdownload%2F%40webassemblyjs%2Fleb128-1.11.0.tgz#f7353de1df38aa201cba9fb88b43f41f75ff403b"
    integrity sha1-9zU94d84qiAcup+4i0P0H3X/QDs=
    dependencies:
      "@xtuc/long" "4.2.2"
  
  "@webassemblyjs/utf8@1.11.0":
    version "1.11.0"
    resolved "https://registry.nlark.com/@webassemblyjs/utf8/download/@webassemblyjs/utf8-1.11.0.tgz#86e48f959cf49e0e5091f069a709b862f5a2cadf"
    integrity sha1-huSPlZz0ng5QkfBppwm4YvWiyt8=
  
  "@webassemblyjs/wasm-edit@1.11.0":
    version "1.11.0"
    resolved "https://registry.nlark.com/@webassemblyjs/wasm-edit/download/@webassemblyjs/wasm-edit-1.11.0.tgz#ee4a5c9f677046a210542ae63897094c2027cb78"
    integrity sha1-7kpcn2dwRqIQVCrmOJcJTCAny3g=
    dependencies:
      "@webassemblyjs/ast" "1.11.0"
      "@webassemblyjs/helper-buffer" "1.11.0"
      "@webassemblyjs/helper-wasm-bytecode" "1.11.0"
      "@webassemblyjs/helper-wasm-section" "1.11.0"
      "@webassemblyjs/wasm-gen" "1.11.0"
      "@webassemblyjs/wasm-opt" "1.11.0"
      "@webassemblyjs/wasm-parser" "1.11.0"
      "@webassemblyjs/wast-printer" "1.11.0"
  
  "@webassemblyjs/wasm-gen@1.11.0":
    version "1.11.0"
    resolved "https://registry.nlark.com/@webassemblyjs/wasm-gen/download/@webassemblyjs/wasm-gen-1.11.0.tgz#3cdb35e70082d42a35166988dda64f24ceb97abe"
    integrity sha1-PNs15wCC1Co1FmmI3aZPJM65er4=
    dependencies:
      "@webassemblyjs/ast" "1.11.0"
      "@webassemblyjs/helper-wasm-bytecode" "1.11.0"
      "@webassemblyjs/ieee754" "1.11.0"
      "@webassemblyjs/leb128" "1.11.0"
      "@webassemblyjs/utf8" "1.11.0"
  
  "@webassemblyjs/wasm-opt@1.11.0":
    version "1.11.0"
    resolved "https://registry.nlark.com/@webassemblyjs/wasm-opt/download/@webassemblyjs/wasm-opt-1.11.0.tgz#1638ae188137f4bb031f568a413cd24d32f92978"
    integrity sha1-FjiuGIE39LsDH1aKQTzSTTL5KXg=
    dependencies:
      "@webassemblyjs/ast" "1.11.0"
      "@webassemblyjs/helper-buffer" "1.11.0"
      "@webassemblyjs/wasm-gen" "1.11.0"
      "@webassemblyjs/wasm-parser" "1.11.0"
  
  "@webassemblyjs/wasm-parser@1.11.0":
    version "1.11.0"
    resolved "https://registry.npm.taobao.org/@webassemblyjs/wasm-parser/download/@webassemblyjs/wasm-parser-1.11.0.tgz?cache=0&sync_timestamp=1610045501288&other_urls=https%3A%2F%2Fregistry.npm.taobao.org%2F%40webassemblyjs%2Fwasm-parser%2Fdownload%2F%40webassemblyjs%2Fwasm-parser-1.11.0.tgz#3e680b8830d5b13d1ec86cc42f38f3d4a7700754"
    integrity sha1-PmgLiDDVsT0eyGzELzjz1KdwB1Q=
    dependencies:
      "@webassemblyjs/ast" "1.11.0"
      "@webassemblyjs/helper-api-error" "1.11.0"
      "@webassemblyjs/helper-wasm-bytecode" "1.11.0"
      "@webassemblyjs/ieee754" "1.11.0"
      "@webassemblyjs/leb128" "1.11.0"
      "@webassemblyjs/utf8" "1.11.0"
  
  "@webassemblyjs/wast-printer@1.11.0":
    version "1.11.0"
    resolved "https://registry.npm.taobao.org/@webassemblyjs/wast-printer/download/@webassemblyjs/wast-printer-1.11.0.tgz?cache=0&sync_timestamp=1610041386456&other_urls=https%3A%2F%2Fregistry.npm.taobao.org%2F%40webassemblyjs%2Fwast-printer%2Fdownload%2F%40webassemblyjs%2Fwast-printer-1.11.0.tgz#680d1f6a5365d6d401974a8e949e05474e1fab7e"
    integrity sha1-aA0falNl1tQBl0qOlJ4FR04fq34=
    dependencies:
      "@webassemblyjs/ast" "1.11.0"
      "@xtuc/long" "4.2.2"
  
  "@webpack-cli/configtest@^1.0.4":
    version "1.0.4"
    resolved "https://registry.nlark.com/@webpack-cli/configtest/download/@webpack-cli/configtest-1.0.4.tgz?cache=0&sync_timestamp=1623071305613&other_urls=https%3A%2F%2Fregistry.nlark.com%2F%40webpack-cli%2Fconfigtest%2Fdownload%2F%40webpack-cli%2Fconfigtest-1.0.4.tgz#f03ce6311c0883a83d04569e2c03c6238316d2aa"
    integrity sha1-8DzmMRwIg6g9BFaeLAPGI4MW0qo=
  
  "@webpack-cli/info@^1.3.0":
    version "1.3.0"
    resolved "https://registry.nlark.com/@webpack-cli/info/download/@webpack-cli/info-1.3.0.tgz?cache=0&sync_timestamp=1623071305273&other_urls=https%3A%2F%2Fregistry.nlark.com%2F%40webpack-cli%2Finfo%2Fdownload%2F%40webpack-cli%2Finfo-1.3.0.tgz#9d78a31101a960997a4acd41ffd9b9300627fe2b"
    integrity sha1-nXijEQGpYJl6Ss1B/9m5MAYn/is=
    dependencies:
      envinfo "^7.7.3"
  
  "@webpack-cli/serve@^1.5.1":
    version "1.5.1"
    resolved "https://registry.nlark.com/@webpack-cli/serve/download/@webpack-cli/serve-1.5.1.tgz#b5fde2f0f79c1e120307c415a4c1d5eb15a6f278"
    integrity sha1-tf3i8PecHhIDB8QVpMHV6xWm8ng=
  
  "@xtuc/ieee754@^1.2.0":
    version "1.2.0"
    resolved "https://registry.nlark.com/@xtuc/ieee754/download/@xtuc/ieee754-1.2.0.tgz#eef014a3145ae477a1cbc00cd1e552336dceb790"
    integrity sha1-7vAUoxRa5Hehy8AM0eVSM23Ot5A=
  
  "@xtuc/long@4.2.2":
    version "4.2.2"
    resolved "https://registry.nlark.com/@xtuc/long/download/@xtuc/long-4.2.2.tgz#d291c6a4e97989b5c61d9acf396ae4fe133a718d"
    integrity sha1-0pHGpOl5ibXGHZrPOWrk/hM6cY0=
  
  acorn@^8.2.1:
    version "8.4.1"
    resolved "https://registry.nlark.com/acorn/download/acorn-8.4.1.tgz#56c36251fc7cabc7096adc18f05afe814321a28c"
    integrity sha1-VsNiUfx8q8cJatwY8Fr+gUMhoow=
  
  ajv-keywords@^3.5.2:
    version "3.5.2"
    resolved "https://registry.npm.taobao.org/ajv-keywords/download/ajv-keywords-3.5.2.tgz#31f29da5ab6e00d1c2d329acf7b5929614d5014d"
    integrity sha1-MfKdpatuANHC0yms97WSlhTVAU0=
  
  ajv@^6.12.5:
    version "6.12.6"
    resolved "https://registry.nlark.com/ajv/download/ajv-6.12.6.tgz#baf5a62e802b07d977034586f8c3baf5adf26df4"
    integrity sha1-uvWmLoArB9l3A0WG+MO69a3ybfQ=
    dependencies:
      fast-deep-equal "^3.1.1"
      fast-json-stable-stringify "^2.0.0"
      json-schema-traverse "^0.4.1"
      uri-js "^4.2.2"
  
  ansi-regex@^2.0.0:
    version "2.1.1"
    resolved "https://registry.nlark.com/ansi-regex/download/ansi-regex-2.1.1.tgz#c3b33ab5ee360d86e0e628f0468ae7ef27d654df"
    integrity sha1-w7M6te42DYbg5ijwRorn7yfWVN8=
  
  array-union@^1.0.1:
    version "1.0.2"
    resolved "https://registry.npm.taobao.org/array-union/download/array-union-1.0.2.tgz#9a34410e4f4e3da23dea375be5be70f24778ec39"
    integrity sha1-mjRBDk9OPaI96jdb5b5w8kd47Dk=
    dependencies:
      array-uniq "^1.0.1"
  
  array-uniq@^1.0.1:
    version "1.0.3"
    resolved "https://registry.nlark.com/array-uniq/download/array-uniq-1.0.3.tgz?cache=0&sync_timestamp=1620042121153&other_urls=https%3A%2F%2Fregistry.nlark.com%2Farray-uniq%2Fdownload%2Farray-uniq-1.0.3.tgz#af6ac877a25cc7f74e058894753858dfdb24fdb6"
    integrity sha1-r2rId6Jcx/dOBYiUdThY39sk/bY=
  
  balanced-match@^1.0.0:
    version "1.0.2"
    resolved "https://registry.nlark.com/balanced-match/download/balanced-match-1.0.2.tgz#e83e3a7e3f300b34cb9d87f615fa0cbf357690ee"
    integrity sha1-6D46fj8wCzTLnYf2FfoMvzV2kO4=
  
  big.js@^5.2.2:
    version "5.2.2"
    resolved "https://registry.nlark.com/big.js/download/big.js-5.2.2.tgz#65f0af382f578bcdc742bd9c281e9cb2d7768328"
    integrity sha1-ZfCvOC9Xi83HQr2cKB6cstd2gyg=
  
  boolbase@^1.0.0:
    version "1.0.0"
    resolved "https://registry.nlark.com/boolbase/download/boolbase-1.0.0.tgz#68dff5fbe60c51eb37725ea9e3ed310dcc1e776e"
    integrity sha1-aN/1++YMUes3cl6p4+0xDcwed24=
  
  brace-expansion@^1.1.7:
    version "1.1.11"
    resolved "https://registry.nlark.com/brace-expansion/download/brace-expansion-1.1.11.tgz#3c7fcbf529d87226f3d2f52b966ff5271eb441dd"
    integrity sha1-PH/L9SnYcibz0vUrlm/1Jx60Qd0=
    dependencies:
      balanced-match "^1.0.0"
      concat-map "0.0.1"
  
  browserslist@^4.14.5:
    version "4.16.6"
    resolved "https://registry.nlark.com/browserslist/download/browserslist-4.16.6.tgz?cache=0&sync_timestamp=1619789101558&other_urls=https%3A%2F%2Fregistry.nlark.com%2Fbrowserslist%2Fdownload%2Fbrowserslist-4.16.6.tgz#d7901277a5a88e554ed305b183ec9b0c08f66fa2"
    integrity sha1-15ASd6WojlVO0wWxg+ybDAj2b6I=
    dependencies:
      caniuse-lite "^1.0.30001219"
      colorette "^1.2.2"
      electron-to-chromium "^1.3.723"
      escalade "^3.1.1"
      node-releases "^1.1.71"
  
  buffer-from@^1.0.0:
    version "1.1.1"
    resolved "https://registry.npm.taobao.org/buffer-from/download/buffer-from-1.1.1.tgz#32713bc028f75c02fdb710d7c7bcec1f2c6070ef"
    integrity sha1-MnE7wCj3XAL9txDXx7zsHyxgcO8=
  
  camel-case@^4.1.1:
    version "4.1.2"
    resolved "https://registry.nlark.com/camel-case/download/camel-case-4.1.2.tgz#9728072a954f805228225a6deea6b38461e1bd5a"
    integrity sha1-lygHKpVPgFIoIlpt7qazhGHhvVo=
    dependencies:
      pascal-case "^3.1.2"
      tslib "^2.0.3"
  
  caniuse-lite@^1.0.30001219:
    version "1.0.30001239"
    resolved "https://registry.nlark.com/caniuse-lite/download/caniuse-lite-1.0.30001239.tgz#66e8669985bb2cb84ccb10f68c25ce6dd3e4d2b8"
    integrity sha1-ZuhmmYW7LLhMyxD2jCXObdPk0rg=
  
  chrome-trace-event@^1.0.2:
    version "1.0.3"
    resolved "https://registry.nlark.com/chrome-trace-event/download/chrome-trace-event-1.0.3.tgz#1015eced4741e15d06664a957dbbf50d041e26ac"
    integrity sha1-EBXs7UdB4V0GZkqVfbv1DQQeJqw=
  
  clean-css@^4.2.3:
    version "4.2.3"
    resolved "https://registry.nlark.com/clean-css/download/clean-css-4.2.3.tgz#507b5de7d97b48ee53d84adb0160ff6216380f78"
    integrity sha1-UHtd59l7SO5T2ErbAWD/YhY4D3g=
    dependencies:
      source-map "~0.6.0"
  
  clean-webpack-plugin@^4.0.0-alpha.0:
    version "4.0.0-alpha.0"
    resolved "https://registry.npm.taobao.org/clean-webpack-plugin/download/clean-webpack-plugin-4.0.0-alpha.0.tgz#2aef48dfe7565360d128f5caa0904097d969d053"
    integrity sha1-Ku9I3+dWU2DRKPXKoJBAl9lp0FM=
    dependencies:
      del "^4.1.1"
  
  clone-deep@^4.0.1:
    version "4.0.1"
    resolved "https://registry.nlark.com/clone-deep/download/clone-deep-4.0.1.tgz#c19fd9bdbbf85942b4fd979c84dcf7d5f07c2387"
    integrity sha1-wZ/Zvbv4WUK0/ZechNz31fB8I4c=
    dependencies:
      is-plain-object "^2.0.4"
      kind-of "^6.0.2"
      shallow-clone "^3.0.0"
  
  colorette@^1.2.1, colorette@^1.2.2:
    version "1.2.2"
    resolved "https://registry.nlark.com/colorette/download/colorette-1.2.2.tgz#cbcc79d5e99caea2dbf10eb3a26fd8b3e6acfa94"
    integrity sha1-y8x51emcrqLb8Q6zom/Ys+as+pQ=
  
  commander@^2.20.0:
    version "2.20.3"
    resolved "https://registry.nlark.com/commander/download/commander-2.20.3.tgz#fd485e84c03eb4881c20722ba48035e8531aeb33"
    integrity sha1-/UhehMA+tIgcIHIrpIA16FMa6zM=
  
  commander@^4.1.1:
    version "4.1.1"
    resolved "https://registry.nlark.com/commander/download/commander-4.1.1.tgz?cache=0&sync_timestamp=1624609539421&other_urls=https%3A%2F%2Fregistry.nlark.com%2Fcommander%2Fdownload%2Fcommander-4.1.1.tgz#9fd602bd936294e9e9ef46a3f4d6964044b18068"
    integrity sha1-n9YCvZNilOnp70aj9NaWQESxgGg=
  
  commander@^7.0.0:
    version "7.2.0"
    resolved "https://registry.nlark.com/commander/download/commander-7.2.0.tgz#a36cb57d0b501ce108e4d20559a150a391d97ab7"
    integrity sha1-o2y1fQtQHOEI5NIFWaFQo5HZerc=
  
  concat-map@0.0.1:
    version "0.0.1"
    resolved "https://registry.npm.taobao.org/concat-map/download/concat-map-0.0.1.tgz#d8a96bd77fd68df7793a73036a3ba0d5405d477b"
    integrity sha1-2Klr13/Wjfd5OnMDajug1UBdR3s=
  
  cross-spawn@^7.0.3:
    version "7.0.3"
    resolved "https://registry.nlark.com/cross-spawn/download/cross-spawn-7.0.3.tgz#f73a85b9d5d41d045551c177e2882d4ac85728a6"
    integrity sha1-9zqFudXUHQRVUcF34ogtSshXKKY=
    dependencies:
      path-key "^3.1.0"
      shebang-command "^2.0.0"
      which "^2.0.1"
  
  css-loader@^5.2.6:
    version "5.2.6"
    resolved "https://registry.nlark.com/css-loader/download/css-loader-5.2.6.tgz?cache=0&sync_timestamp=1621865043272&other_urls=https%3A%2F%2Fregistry.nlark.com%2Fcss-loader%2Fdownload%2Fcss-loader-5.2.6.tgz#c3c82ab77fea1f360e587d871a6811f4450cc8d1"
    integrity sha1-w8gqt3/qHzYOWH2HGmgR9EUMyNE=
    dependencies:
      icss-utils "^5.1.0"
      loader-utils "^2.0.0"
      postcss "^8.2.15"
      postcss-modules-extract-imports "^3.0.0"
      postcss-modules-local-by-default "^4.0.0"
      postcss-modules-scope "^3.0.0"
      postcss-modules-values "^4.0.0"
      postcss-value-parser "^4.1.0"
      schema-utils "^3.0.0"
      semver "^7.3.5"
  
  css-select@^4.1.3:
    version "4.1.3"
    resolved "https://registry.nlark.com/css-select/download/css-select-4.1.3.tgz?cache=0&sync_timestamp=1622994276976&other_urls=https%3A%2F%2Fregistry.nlark.com%2Fcss-select%2Fdownload%2Fcss-select-4.1.3.tgz#a70440f70317f2669118ad74ff105e65849c7067"
    integrity sha1-pwRA9wMX8maRGK10/xBeZYSccGc=
    dependencies:
      boolbase "^1.0.0"
      css-what "^5.0.0"
      domhandler "^4.2.0"
      domutils "^2.6.0"
      nth-check "^2.0.0"
  
  css-what@^5.0.0:
    version "5.0.1"
    resolved "https://registry.nlark.com/css-what/download/css-what-5.0.1.tgz?cache=0&sync_timestamp=1622227658327&other_urls=https%3A%2F%2Fregistry.nlark.com%2Fcss-what%2Fdownload%2Fcss-what-5.0.1.tgz#3efa820131f4669a8ac2408f9c32e7c7de9f4cad"
    integrity sha1-PvqCATH0ZpqKwkCPnDLnx96fTK0=
  
  cssesc@^3.0.0:
    version "3.0.0"
    resolved "https://registry.nlark.com/cssesc/download/cssesc-3.0.0.tgz#37741919903b868565e1c09ea747445cd18983ee"
    integrity sha1-N3QZGZA7hoVl4cCep0dEXNGJg+4=
  
  del@^4.1.1:
    version "4.1.1"
    resolved "https://registry.npm.taobao.org/del/download/del-4.1.1.tgz#9e8f117222ea44a31ff3a156c049b99052a9f0b4"
    integrity sha1-no8RciLqRKMf86FWwEm5kFKp8LQ=
    dependencies:
      "@types/glob" "^7.1.1"
      globby "^6.1.0"
      is-path-cwd "^2.0.0"
      is-path-in-cwd "^2.0.0"
      p-map "^2.0.0"
      pify "^4.0.1"
      rimraf "^2.6.3"
  
  dom-converter@^0.2.0:
    version "0.2.0"
    resolved "https://registry.npm.taobao.org/dom-converter/download/dom-converter-0.2.0.tgz#6721a9daee2e293682955b6afe416771627bb768"
    integrity sha1-ZyGp2u4uKTaClVtq/kFncWJ7t2g=
    dependencies:
      utila "~0.4"
  
  dom-serializer@^1.0.1:
    version "1.3.2"
    resolved "https://registry.nlark.com/dom-serializer/download/dom-serializer-1.3.2.tgz?cache=0&sync_timestamp=1621256830355&other_urls=https%3A%2F%2Fregistry.nlark.com%2Fdom-serializer%2Fdownload%2Fdom-serializer-1.3.2.tgz#6206437d32ceefaec7161803230c7a20bc1b4d91"
    integrity sha1-YgZDfTLO767HFhgDIwx6ILwbTZE=
    dependencies:
      domelementtype "^2.0.1"
      domhandler "^4.2.0"
      entities "^2.0.0"
  
  domelementtype@^2.0.1, domelementtype@^2.2.0:
    version "2.2.0"
    resolved "https://registry.nlark.com/domelementtype/download/domelementtype-2.2.0.tgz#9a0b6c2782ed6a1c7323d42267183df9bd8b1d57"
    integrity sha1-mgtsJ4LtahxzI9QiZxg9+b2LHVc=
  
  domhandler@^4.0.0, domhandler@^4.2.0:
    version "4.2.0"
    resolved "https://registry.npm.taobao.org/domhandler/download/domhandler-4.2.0.tgz?cache=0&sync_timestamp=1618563983578&other_urls=https%3A%2F%2Fregistry.npm.taobao.org%2Fdomhandler%2Fdownload%2Fdomhandler-4.2.0.tgz#f9768a5f034be60a89a27c2e4d0f74eba0d8b059"
    integrity sha1-+XaKXwNL5gqJonwuTQ9066DYsFk=
    dependencies:
      domelementtype "^2.2.0"
  
  domutils@^2.5.2, domutils@^2.6.0:
    version "2.7.0"
    resolved "https://registry.nlark.com/domutils/download/domutils-2.7.0.tgz?cache=0&other_urls=https%3A%2F%2Fregistry.nlark.com%2Fdomutils%2Fdownload%2Fdomutils-2.7.0.tgz#8ebaf0c41ebafcf55b0b72ec31c56323712c5442"
    integrity sha1-jrrwxB66/PVbC3LsMcVjI3EsVEI=
    dependencies:
      dom-serializer "^1.0.1"
      domelementtype "^2.2.0"
      domhandler "^4.2.0"
  
  dot-case@^3.0.4:
    version "3.0.4"
    resolved "https://registry.npm.taobao.org/dot-case/download/dot-case-3.0.4.tgz?cache=0&sync_timestamp=1606867306848&other_urls=https%3A%2F%2Fregistry.npm.taobao.org%2Fdot-case%2Fdownload%2Fdot-case-3.0.4.tgz#9b2b670d00a431667a8a75ba29cd1b98809ce751"
    integrity sha1-mytnDQCkMWZ6inW6Kc0bmICc51E=
    dependencies:
      no-case "^3.0.4"
      tslib "^2.0.3"
  
  electron-to-chromium@^1.3.723:
    version "1.3.757"
    resolved "https://registry.nlark.com/electron-to-chromium/download/electron-to-chromium-1.3.757.tgz#ff99436c99ca0fc5d120e11030a868401396e0e1"
    integrity sha1-/5lDbJnKD8XRIOEQMKhoQBOW4OE=
  
  emojis-list@^3.0.0:
    version "3.0.0"
    resolved "https://registry.nlark.com/emojis-list/download/emojis-list-3.0.0.tgz#5570662046ad29e2e916e71aae260abdff4f6a78"
    integrity sha1-VXBmIEatKeLpFucariYKvf9Pang=
  
  enhanced-resolve@^5.8.0:
    version "5.8.2"
    resolved "https://registry.nlark.com/enhanced-resolve/download/enhanced-resolve-5.8.2.tgz?cache=0&sync_timestamp=1620663202047&other_urls=https%3A%2F%2Fregistry.nlark.com%2Fenhanced-resolve%2Fdownload%2Fenhanced-resolve-5.8.2.tgz#15ddc779345cbb73e97c611cd00c01c1e7bf4d8b"
    integrity sha1-Fd3HeTRcu3PpfGEc0AwBwee/TYs=
    dependencies:
      graceful-fs "^4.2.4"
      tapable "^2.2.0"
  
  entities@^2.0.0:
    version "2.2.0"
    resolved "https://registry.nlark.com/entities/download/entities-2.2.0.tgz#098dc90ebb83d8dffa089d55256b351d34c4da55"
    integrity sha1-CY3JDruD2N/6CJ1VJWs1HTTE2lU=
  
  envinfo@^7.7.3:
    version "7.8.1"
    resolved "https://registry.nlark.com/envinfo/download/envinfo-7.8.1.tgz#06377e3e5f4d379fea7ac592d5ad8927e0c4d475"
    integrity sha1-Bjd+Pl9NN5/qesWS1a2JJ+DE1HU=
  
  es-module-lexer@^0.6.0:
    version "0.6.0"
    resolved "https://registry.nlark.com/es-module-lexer/download/es-module-lexer-0.6.0.tgz?cache=0&other_urls=https%3A%2F%2Fregistry.nlark.com%2Fes-module-lexer%2Fdownload%2Fes-module-lexer-0.6.0.tgz#e72ab05b7412e62b9be37c37a09bdb6000d706f0"
    integrity sha1-5yqwW3QS5iub43w3oJvbYADXBvA=
  
  escalade@^3.1.1:
    version "3.1.1"
    resolved "https://registry.nlark.com/escalade/download/escalade-3.1.1.tgz#d8cfdc7000965c5a0174b4a82eaa5c0552742e40"
    integrity sha1-2M/ccACWXFoBdLSoLqpcBVJ0LkA=
  
  eslint-scope@5.1.1:
    version "5.1.1"
    resolved "https://registry.nlark.com/eslint-scope/download/eslint-scope-5.1.1.tgz#e786e59a66cb92b3f6c1fb0d508aab174848f48c"
    integrity sha1-54blmmbLkrP2wfsNUIqrF0hI9Iw=
    dependencies:
      esrecurse "^4.3.0"
      estraverse "^4.1.1"
  
  esrecurse@^4.3.0:
    version "4.3.0"
    resolved "https://registry.nlark.com/esrecurse/download/esrecurse-4.3.0.tgz#7ad7964d679abb28bee72cec63758b1c5d2c9921"
    integrity sha1-eteWTWeauyi+5yzsY3WLHF0smSE=
    dependencies:
      estraverse "^5.2.0"
  
  estraverse@^4.1.1:
    version "4.3.0"
    resolved "https://registry.nlark.com/estraverse/download/estraverse-4.3.0.tgz#398ad3f3c5a24948be7725e83d11a7de28cdbd1d"
    integrity sha1-OYrT88WiSUi+dyXoPRGn3ijNvR0=
  
  estraverse@^5.2.0:
    version "5.2.0"
    resolved "https://registry.nlark.com/estraverse/download/estraverse-5.2.0.tgz#307df42547e6cc7324d3cf03c155d5cdb8c53880"
    integrity sha1-MH30JUfmzHMk088DwVXVzbjFOIA=
  
  events@^3.2.0:
    version "3.3.0"
    resolved "https://registry.nlark.com/events/download/events-3.3.0.tgz#31a95ad0a924e2d2c419a813aeb2c4e878ea7400"
    integrity sha1-Mala0Kkk4tLEGagTrrLE6HjqdAA=
  
  execa@^5.0.0:
    version "5.1.1"
    resolved "https://registry.nlark.com/execa/download/execa-5.1.1.tgz#f80ad9cbf4298f7bd1d4c9555c21e93741c411dd"
    integrity sha1-+ArZy/Qpj3vR1MlVXCHpN0HEEd0=
    dependencies:
      cross-spawn "^7.0.3"
      get-stream "^6.0.0"
      human-signals "^2.1.0"
      is-stream "^2.0.0"
      merge-stream "^2.0.0"
      npm-run-path "^4.0.1"
      onetime "^5.1.2"
      signal-exit "^3.0.3"
      strip-final-newline "^2.0.0"
  
  fast-deep-equal@^3.1.1:
    version "3.1.3"
    resolved "https://registry.npm.taobao.org/fast-deep-equal/download/fast-deep-equal-3.1.3.tgz#3a7d56b559d6cbc3eb512325244e619a65c6c525"
    integrity sha1-On1WtVnWy8PrUSMlJE5hmmXGxSU=
  
  fast-json-stable-stringify@^2.0.0:
    version "2.1.0"
    resolved "https://registry.nlark.com/fast-json-stable-stringify/download/fast-json-stable-stringify-2.1.0.tgz#874bf69c6f404c2b5d99c481341399fd55892633"
    integrity sha1-h0v2nG9ATCtdmcSBNBOZ/VWJJjM=
  
  fastest-levenshtein@^1.0.12:
    version "1.0.12"
    resolved "https://registry.npm.taobao.org/fastest-levenshtein/download/fastest-levenshtein-1.0.12.tgz#9990f7d3a88cc5a9ffd1f1745745251700d497e2"
    integrity sha1-mZD306iMxan/0fF0V0UlFwDUl+I=
  
  find-up@^4.0.0:
    version "4.1.0"
    resolved "https://registry.npm.taobao.org/find-up/download/find-up-4.1.0.tgz#97afe7d6cdc0bc5928584b7c8d7b16e8a9aa5d19"
    integrity sha1-l6/n1s3AvFkoWEt8jXsW6KmqXRk=
    dependencies:
      locate-path "^5.0.0"
      path-exists "^4.0.0"
  
  fs.realpath@^1.0.0:
    version "1.0.0"
    resolved "https://registry.nlark.com/fs.realpath/download/fs.realpath-1.0.0.tgz#1504ad2523158caa40db4a2787cb01411994ea4f"
    integrity sha1-FQStJSMVjKpA20onh8sBQRmU6k8=
  
  function-bind@^1.1.1:
    version "1.1.1"
    resolved "https://registry.nlark.com/function-bind/download/function-bind-1.1.1.tgz#a56899d3ea3c9bab874bb9773b7c5ede92f4895d"
    integrity sha1-pWiZ0+o8m6uHS7l3O3xe3pL0iV0=
  
  get-stream@^6.0.0:
    version "6.0.1"
    resolved "https://registry.nlark.com/get-stream/download/get-stream-6.0.1.tgz#a262d8eef67aced57c2852ad6167526a43cbf7b7"
    integrity sha1-omLY7vZ6ztV8KFKtYWdSakPL97c=
  
  glob-to-regexp@^0.4.1:
    version "0.4.1"
    resolved "https://registry.npm.taobao.org/glob-to-regexp/download/glob-to-regexp-0.4.1.tgz#c75297087c851b9a578bd217dd59a92f59fe546e"
    integrity sha1-x1KXCHyFG5pXi9IX3VmpL1n+VG4=
  
  glob@^7.0.3, glob@^7.1.3:
    version "7.1.7"
    resolved "https://registry.nlark.com/glob/download/glob-7.1.7.tgz?cache=0&sync_timestamp=1620337382269&other_urls=https%3A%2F%2Fregistry.nlark.com%2Fglob%2Fdownload%2Fglob-7.1.7.tgz#3b193e9233f01d42d0b3f78294bbeeb418f94a90"
    integrity sha1-Oxk+kjPwHULQs/eClLvutBj5SpA=
    dependencies:
      fs.realpath "^1.0.0"
      inflight "^1.0.4"
      inherits "2"
      minimatch "^3.0.4"
      once "^1.3.0"
      path-is-absolute "^1.0.0"
  
  globby@^6.1.0:
    version "6.1.0"
    resolved "https://registry.nlark.com/globby/download/globby-6.1.0.tgz#f5a6d70e8395e21c858fb0489d64df02424d506c"
    integrity sha1-9abXDoOV4hyFj7BInWTfAkJNUGw=
    dependencies:
      array-union "^1.0.1"
      glob "^7.0.3"
      object-assign "^4.0.1"
      pify "^2.0.0"
      pinkie-promise "^2.0.0"
  
  graceful-fs@^4.1.2, graceful-fs@^4.2.4:
    version "4.2.6"
    resolved "https://registry.npm.taobao.org/graceful-fs/download/graceful-fs-4.2.6.tgz#ff040b2b0853b23c3d31027523706f1885d76bee"
    integrity sha1-/wQLKwhTsjw9MQJ1I3BvGIXXa+4=
  
  has-flag@^4.0.0:
    version "4.0.0"
    resolved "https://registry.nlark.com/has-flag/download/has-flag-4.0.0.tgz?cache=0&sync_timestamp=1618847009337&other_urls=https%3A%2F%2Fregistry.nlark.com%2Fhas-flag%2Fdownload%2Fhas-flag-4.0.0.tgz#944771fd9c81c81265c4d6941860da06bb59479b"
    integrity sha1-lEdx/ZyByBJlxNaUGGDaBrtZR5s=
  
  has@^1.0.3:
    version "1.0.3"
    resolved "https://registry.nlark.com/has/download/has-1.0.3.tgz#722d7cbfc1f6aa8241f16dd814e011e1f41e8796"
    integrity sha1-ci18v8H2qoJB8W3YFOAR4fQeh5Y=
    dependencies:
      function-bind "^1.1.1"
  
  he@^1.2.0:
    version "1.2.0"
    resolved "https://registry.npm.taobao.org/he/download/he-1.2.0.tgz#84ae65fa7eafb165fddb61566ae14baf05664f0f"
    integrity sha1-hK5l+n6vsWX922FWauFLrwVmTw8=
  
  html-minifier-terser@^5.0.1:
    version "5.1.1"
    resolved "https://registry.npm.taobao.org/html-minifier-terser/download/html-minifier-terser-5.1.1.tgz#922e96f1f3bb60832c2634b79884096389b1f054"
    integrity sha1-ki6W8fO7YIMsJjS3mIQJY4mx8FQ=
    dependencies:
      camel-case "^4.1.1"
      clean-css "^4.2.3"
      commander "^4.1.1"
      he "^1.2.0"
      param-case "^3.0.3"
      relateurl "^0.2.7"
      terser "^4.6.3"
  
  html-webpack-plugin@^5.3.2:
    version "5.3.2"
    resolved "https://registry.nlark.com/html-webpack-plugin/download/html-webpack-plugin-5.3.2.tgz#7b04bf80b1f6fe84a6d3f66c8b79d64739321b08"
    integrity sha1-ewS/gLH2/oSm0/Zsi3nWRzkyGwg=
    dependencies:
      "@types/html-minifier-terser" "^5.0.0"
      html-minifier-terser "^5.0.1"
      lodash "^4.17.21"
      pretty-error "^3.0.4"
      tapable "^2.0.0"
  
  htmlparser2@^6.1.0:
    version "6.1.0"
    resolved "https://registry.npm.taobao.org/htmlparser2/download/htmlparser2-6.1.0.tgz?cache=0&sync_timestamp=1617916210217&other_urls=https%3A%2F%2Fregistry.npm.taobao.org%2Fhtmlparser2%2Fdownload%2Fhtmlparser2-6.1.0.tgz#c4d762b6c3371a05dbe65e94ae43a9f845fb8fb7"
    integrity sha1-xNditsM3GgXb5l6UrkOp+EX7j7c=
    dependencies:
      domelementtype "^2.0.1"
      domhandler "^4.0.0"
      domutils "^2.5.2"
      entities "^2.0.0"
  
  human-signals@^2.1.0:
    version "2.1.0"
    resolved "https://registry.nlark.com/human-signals/download/human-signals-2.1.0.tgz?cache=0&sync_timestamp=1624364695595&other_urls=https%3A%2F%2Fregistry.nlark.com%2Fhuman-signals%2Fdownload%2Fhuman-signals-2.1.0.tgz#dc91fcba42e4d06e4abaed33b3e7a3c02f514ea0"
    integrity sha1-3JH8ukLk0G5Kuu0zs+ejwC9RTqA=
  
  icss-utils@^5.0.0, icss-utils@^5.1.0:
    version "5.1.0"
    resolved "https://registry.nlark.com/icss-utils/download/icss-utils-5.1.0.tgz#c6be6858abd013d768e98366ae47e25d5887b1ae"
    integrity sha1-xr5oWKvQE9do6YNmrkfiXViHsa4=
  
  import-local@^3.0.2:
    version "3.0.2"
    resolved "https://registry.nlark.com/import-local/download/import-local-3.0.2.tgz#a8cfd0431d1de4a2199703d003e3e62364fa6db6"
    integrity sha1-qM/QQx0d5KIZlwPQA+PmI2T6bbY=
    dependencies:
      pkg-dir "^4.2.0"
      resolve-cwd "^3.0.0"
  
  inflight@^1.0.4:
    version "1.0.6"
    resolved "https://registry.nlark.com/inflight/download/inflight-1.0.6.tgz#49bd6331d7d02d0c09bc910a1075ba8165b56df9"
    integrity sha1-Sb1jMdfQLQwJvJEKEHW6gWW1bfk=
    dependencies:
      once "^1.3.0"
      wrappy "1"
  
  inherits@2:
    version "2.0.4"
    resolved "https://registry.nlark.com/inherits/download/inherits-2.0.4.tgz#0fa2c64f932917c3433a0ded55363aae37416b7c"
    integrity sha1-D6LGT5MpF8NDOg3tVTY6rjdBa3w=
  
  interpret@^2.2.0:
    version "2.2.0"
    resolved "https://registry.nlark.com/interpret/download/interpret-2.2.0.tgz#1a78a0b5965c40a5416d007ad6f50ad27c417df9"
    integrity sha1-GnigtZZcQKVBbQB61vUK0nxBffk=
  
  is-core-module@^2.2.0:
    version "2.4.0"
    resolved "https://registry.nlark.com/is-core-module/download/is-core-module-2.4.0.tgz#8e9fc8e15027b011418026e98f0e6f4d86305cc1"
    integrity sha1-jp/I4VAnsBFBgCbpjw5vTYYwXME=
    dependencies:
      has "^1.0.3"
  
  is-path-cwd@^2.0.0:
    version "2.2.0"
    resolved "https://registry.nlark.com/is-path-cwd/download/is-path-cwd-2.2.0.tgz#67d43b82664a7b5191fd9119127eb300048a9fdb"
    integrity sha1-Z9Q7gmZKe1GR/ZEZEn6zAASKn9s=
  
  is-path-in-cwd@^2.0.0:
    version "2.1.0"
    resolved "https://registry.nlark.com/is-path-in-cwd/download/is-path-in-cwd-2.1.0.tgz?cache=0&sync_timestamp=1620047156679&other_urls=https%3A%2F%2Fregistry.nlark.com%2Fis-path-in-cwd%2Fdownload%2Fis-path-in-cwd-2.1.0.tgz#bfe2dca26c69f397265a4009963602935a053acb"
    integrity sha1-v+Lcomxp85cmWkAJljYCk1oFOss=
    dependencies:
      is-path-inside "^2.1.0"
  
  is-path-inside@^2.1.0:
    version "2.1.0"
    resolved "https://registry.nlark.com/is-path-inside/download/is-path-inside-2.1.0.tgz?cache=0&sync_timestamp=1620046845369&other_urls=https%3A%2F%2Fregistry.nlark.com%2Fis-path-inside%2Fdownload%2Fis-path-inside-2.1.0.tgz#7c9810587d659a40d27bcdb4d5616eab059494b2"
    integrity sha1-fJgQWH1lmkDSe8201WFuqwWUlLI=
    dependencies:
      path-is-inside "^1.0.2"
  
  is-plain-object@^2.0.4:
    version "2.0.4"
    resolved "https://registry.nlark.com/is-plain-object/download/is-plain-object-2.0.4.tgz#2c163b3fafb1b606d9d17928f05c2a1c38e07677"
    integrity sha1-LBY7P6+xtgbZ0Xko8FwqHDjgdnc=
    dependencies:
      isobject "^3.0.1"
  
  is-stream@^2.0.0:
    version "2.0.0"
    resolved "https://registry.nlark.com/is-stream/download/is-stream-2.0.0.tgz#bde9c32680d6fae04129d6ac9d921ce7815f78e3"
    integrity sha1-venDJoDW+uBBKdasnZIc54FfeOM=
  
  isexe@^2.0.0:
    version "2.0.0"
    resolved "https://registry.npm.taobao.org/isexe/download/isexe-2.0.0.tgz#e8fbf374dc556ff8947a10dcb0572d633f2cfa10"
    integrity sha1-6PvzdNxVb/iUehDcsFctYz8s+hA=
  
  isobject@^3.0.1:
    version "3.0.1"
    resolved "https://registry.nlark.com/isobject/download/isobject-3.0.1.tgz#4e431e92b11a9731636aa1f9c8d1ccbcfdab78df"
    integrity sha1-TkMekrEalzFjaqH5yNHMvP2reN8=
  
  jest-worker@^27.0.2:
    version "27.0.2"
    resolved "https://registry.nlark.com/jest-worker/download/jest-worker-27.0.2.tgz#4ebeb56cef48b3e7514552f80d0d80c0129f0b05"
    integrity sha1-Tr61bO9Is+dRRVL4DQ2AwBKfCwU=
    dependencies:
      "@types/node" "*"
      merge-stream "^2.0.0"
      supports-color "^8.0.0"
  
  json-parse-better-errors@^1.0.2:
    version "1.0.2"
    resolved "https://registry.npm.taobao.org/json-parse-better-errors/download/json-parse-better-errors-1.0.2.tgz#bb867cfb3450e69107c131d1c514bab3dc8bcaa9"
    integrity sha1-u4Z8+zRQ5pEHwTHRxRS6s9yLyqk=
  
  json-schema-traverse@^0.4.1:
    version "0.4.1"
    resolved "https://registry.npm.taobao.org/json-schema-traverse/download/json-schema-traverse-0.4.1.tgz#69f6a87d9513ab8bb8fe63bdb0979c448e684660"
    integrity sha1-afaofZUTq4u4/mO9sJecRI5oRmA=
  
  json5@^2.1.2:
    version "2.2.0"
    resolved "https://registry.npm.taobao.org/json5/download/json5-2.2.0.tgz?cache=0&sync_timestamp=1612146079519&other_urls=https%3A%2F%2Fregistry.npm.taobao.org%2Fjson5%2Fdownload%2Fjson5-2.2.0.tgz#2dfefe720c6ba525d9ebd909950f0515316c89a3"
    integrity sha1-Lf7+cgxrpSXZ69kJlQ8FFTFsiaM=
    dependencies:
      minimist "^1.2.5"
  
  kind-of@^6.0.2:
    version "6.0.3"
    resolved "https://registry.nlark.com/kind-of/download/kind-of-6.0.3.tgz#07c05034a6c349fa06e24fa35aa76db4580ce4dd"
    integrity sha1-B8BQNKbDSfoG4k+jWqdttFgM5N0=
  
  loader-runner@^4.2.0:
    version "4.2.0"
    resolved "https://registry.nlark.com/loader-runner/download/loader-runner-4.2.0.tgz#d7022380d66d14c5fb1d496b89864ebcfd478384"
    integrity sha1-1wIjgNZtFMX7HUlriYZOvP1Hg4Q=
  
  loader-utils@^2.0.0:
    version "2.0.0"
    resolved "https://registry.npm.taobao.org/loader-utils/download/loader-utils-2.0.0.tgz#e4cace5b816d425a166b5f097e10cd12b36064b0"
    integrity sha1-5MrOW4FtQloWa18JfhDNErNgZLA=
    dependencies:
      big.js "^5.2.2"
      emojis-list "^3.0.0"
      json5 "^2.1.2"
  
  locate-path@^5.0.0:
    version "5.0.0"
    resolved "https://registry.nlark.com/locate-path/download/locate-path-5.0.0.tgz#1afba396afd676a6d42504d0a67a3a7eb9f62aa0"
    integrity sha1-Gvujlq/WdqbUJQTQpno6frn2KqA=
    dependencies:
      p-locate "^4.1.0"
  
  lodash@^4.17.20, lodash@^4.17.21:
    version "4.17.21"
    resolved "https://registry.nlark.com/lodash/download/lodash-4.17.21.tgz?cache=0&sync_timestamp=1624543041613&other_urls=https%3A%2F%2Fregistry.nlark.com%2Flodash%2Fdownload%2Flodash-4.17.21.tgz#679591c564c3bffaae8454cf0b3df370c3d6911c"
    integrity sha1-Z5WRxWTDv/quhFTPCz3zcMPWkRw=
  
  lower-case@^2.0.2:
    version "2.0.2"
    resolved "https://registry.npm.taobao.org/lower-case/download/lower-case-2.0.2.tgz?cache=0&sync_timestamp=1606867292121&other_urls=https%3A%2F%2Fregistry.npm.taobao.org%2Flower-case%2Fdownload%2Flower-case-2.0.2.tgz#6fa237c63dbdc4a82ca0fd882e4722dc5e634e28"
    integrity sha1-b6I3xj29xKgsoP2ILkci3F5jTig=
    dependencies:
      tslib "^2.0.3"
  
  lru-cache@^6.0.0:
    version "6.0.0"
    resolved "https://registry.nlark.com/lru-cache/download/lru-cache-6.0.0.tgz?cache=0&sync_timestamp=1619933505159&other_urls=https%3A%2F%2Fregistry.nlark.com%2Flru-cache%2Fdownload%2Flru-cache-6.0.0.tgz#6d6fe6570ebd96aaf90fcad1dafa3b2566db3a94"
    integrity sha1-bW/mVw69lqr5D8rR2vo7JWbbOpQ=
    dependencies:
      yallist "^4.0.0"
  
  merge-stream@^2.0.0:
    version "2.0.0"
    resolved "https://registry.npm.taobao.org/merge-stream/download/merge-stream-2.0.0.tgz#52823629a14dd00c9770fb6ad47dc6310f2c1f60"
    integrity sha1-UoI2KaFN0AyXcPtq1H3GMQ8sH2A=
  
  mime-db@1.48.0:
    version "1.48.0"
    resolved "https://registry.nlark.com/mime-db/download/mime-db-1.48.0.tgz?cache=0&sync_timestamp=1622433556078&other_urls=https%3A%2F%2Fregistry.nlark.com%2Fmime-db%2Fdownload%2Fmime-db-1.48.0.tgz#e35b31045dd7eada3aaad537ed88a33afbef2d1d"
    integrity sha1-41sxBF3X6to6qtU37YijOvvvLR0=
  
  mime-types@^2.1.27:
    version "2.1.31"
    resolved "https://registry.nlark.com/mime-types/download/mime-types-2.1.31.tgz?cache=0&sync_timestamp=1622569162264&other_urls=https%3A%2F%2Fregistry.nlark.com%2Fmime-types%2Fdownload%2Fmime-types-2.1.31.tgz#a00d76b74317c61f9c2db2218b8e9f8e9c5c9e6b"
    integrity sha1-oA12t0MXxh+cLbIhi46fjpxcnms=
    dependencies:
      mime-db "1.48.0"
  
  mimic-fn@^2.1.0:
    version "2.1.0"
    resolved "https://registry.nlark.com/mimic-fn/download/mimic-fn-2.1.0.tgz#7ed2c2ccccaf84d3ffcb7a69b57711fc2083401b"
    integrity sha1-ftLCzMyvhNP/y3pptXcR/CCDQBs=
  
  mini-css-extract-plugin@^1.6.0:
    version "1.6.0"
    resolved "https://registry.nlark.com/mini-css-extract-plugin/download/mini-css-extract-plugin-1.6.0.tgz#b4db2525af2624899ed64a23b0016e0036411893"
    integrity sha1-tNslJa8mJIme1kojsAFuADZBGJM=
    dependencies:
      loader-utils "^2.0.0"
      schema-utils "^3.0.0"
      webpack-sources "^1.1.0"
  
  minimatch@^3.0.4:
    version "3.0.4"
    resolved "https://registry.nlark.com/minimatch/download/minimatch-3.0.4.tgz#5166e286457f03306064be5497e8dbb0c3d32083"
    integrity sha1-UWbihkV/AzBgZL5Ul+jbsMPTIIM=
    dependencies:
      brace-expansion "^1.1.7"
  
  minimist@^1.2.5:
    version "1.2.5"
    resolved "https://registry.nlark.com/minimist/download/minimist-1.2.5.tgz?cache=0&sync_timestamp=1618847003091&other_urls=https%3A%2F%2Fregistry.nlark.com%2Fminimist%2Fdownload%2Fminimist-1.2.5.tgz#67d66014b66a6a8aaa0c083c5fd58df4e4e97602"
    integrity sha1-Z9ZgFLZqaoqqDAg8X9WN9OTpdgI=
  
  nanoid@^3.1.23:
    version "3.1.23"
    resolved "https://registry.nlark.com/nanoid/download/nanoid-3.1.23.tgz#f744086ce7c2bc47ee0a8472574d5c78e4183a81"
    integrity sha1-90QIbOfCvEfuCoRyV01ceOQYOoE=
  
  neo-async@^2.6.2:
    version "2.6.2"
    resolved "https://registry.nlark.com/neo-async/download/neo-async-2.6.2.tgz#b4aafb93e3aeb2d8174ca53cf163ab7d7308305f"
    integrity sha1-tKr7k+OustgXTKU88WOrfXMIMF8=
  
  no-case@^3.0.4:
    version "3.0.4"
    resolved "https://registry.nlark.com/no-case/download/no-case-3.0.4.tgz#d361fd5c9800f558551a8369fc0dcd4662b6124d"
    integrity sha1-02H9XJgA9VhVGoNp/A3NRmK2Ek0=
    dependencies:
      lower-case "^2.0.2"
      tslib "^2.0.3"
  
  node-releases@^1.1.71:
    version "1.1.73"
    resolved "https://registry.nlark.com/node-releases/download/node-releases-1.1.73.tgz#dd4e81ddd5277ff846b80b52bb40c49edf7a7b20"
    integrity sha1-3U6B3dUnf/hGuAtSu0DEnt96eyA=
  
  npm-run-path@^4.0.1:
    version "4.0.1"
    resolved "https://registry.nlark.com/npm-run-path/download/npm-run-path-4.0.1.tgz#b7ecd1e5ed53da8e37a55e1c2269e0b97ed748ea"
    integrity sha1-t+zR5e1T2o43pV4cImnguX7XSOo=
    dependencies:
      path-key "^3.0.0"
  
  nth-check@^2.0.0:
    version "2.0.0"
    resolved "https://registry.npm.taobao.org/nth-check/download/nth-check-2.0.0.tgz?cache=0&sync_timestamp=1606860664533&other_urls=https%3A%2F%2Fregistry.npm.taobao.org%2Fnth-check%2Fdownload%2Fnth-check-2.0.0.tgz#1bb4f6dac70072fc313e8c9cd1417b5074c0a125"
    integrity sha1-G7T22scAcvwxPoyc0UF7UHTAoSU=
    dependencies:
      boolbase "^1.0.0"
  
  object-assign@^4.0.1:
    version "4.1.1"
    resolved "https://registry.nlark.com/object-assign/download/object-assign-4.1.1.tgz#2109adc7965887cfc05cbbd442cac8bfbb360863"
    integrity sha1-IQmtx5ZYh8/AXLvUQsrIv7s2CGM=
  
  once@^1.3.0:
    version "1.4.0"
    resolved "https://registry.nlark.com/once/download/once-1.4.0.tgz#583b1aa775961d4b113ac17d9c50baef9dd76bd1"
    integrity sha1-WDsap3WWHUsROsF9nFC6753Xa9E=
    dependencies:
      wrappy "1"
  
  onetime@^5.1.2:
    version "5.1.2"
    resolved "https://registry.nlark.com/onetime/download/onetime-5.1.2.tgz#d0e96ebb56b07476df1dd9c4806e5237985ca45e"
    integrity sha1-0Oluu1awdHbfHdnEgG5SN5hcpF4=
    dependencies:
      mimic-fn "^2.1.0"
  
  p-limit@^2.2.0:
    version "2.3.0"
    resolved "https://registry.npm.taobao.org/p-limit/download/p-limit-2.3.0.tgz?cache=0&sync_timestamp=1606288352885&other_urls=https%3A%2F%2Fregistry.npm.taobao.org%2Fp-limit%2Fdownload%2Fp-limit-2.3.0.tgz#3dd33c647a214fdfffd835933eb086da0dc21db1"
    integrity sha1-PdM8ZHohT9//2DWTPrCG2g3CHbE=
    dependencies:
      p-try "^2.0.0"
  
  p-limit@^3.1.0:
    version "3.1.0"
    resolved "https://registry.npm.taobao.org/p-limit/download/p-limit-3.1.0.tgz?cache=0&sync_timestamp=1606288352885&other_urls=https%3A%2F%2Fregistry.npm.taobao.org%2Fp-limit%2Fdownload%2Fp-limit-3.1.0.tgz#e1daccbe78d0d1388ca18c64fea38e3e57e3706b"
    integrity sha1-4drMvnjQ0TiMoYxk/qOOPlfjcGs=
    dependencies:
      yocto-queue "^0.1.0"
  
  p-locate@^4.1.0:
    version "4.1.0"
    resolved "https://registry.nlark.com/p-locate/download/p-locate-4.1.0.tgz#a3428bb7088b3a60292f66919278b7c297ad4f07"
    integrity sha1-o0KLtwiLOmApL2aRkni3wpetTwc=
    dependencies:
      p-limit "^2.2.0"
  
  p-map@^2.0.0:
    version "2.1.0"
    resolved "https://registry.npm.taobao.org/p-map/download/p-map-2.1.0.tgz#310928feef9c9ecc65b68b17693018a665cea175"
    integrity sha1-MQko/u+cnsxltosXaTAYpmXOoXU=
  
  p-try@^2.0.0:
    version "2.2.0"
    resolved "https://registry.nlark.com/p-try/download/p-try-2.2.0.tgz#cb2868540e313d61de58fafbe35ce9004d5540e6"
    integrity sha1-yyhoVA4xPWHeWPr741zpAE1VQOY=
  
  param-case@^3.0.3:
    version "3.0.4"
    resolved "https://registry.nlark.com/param-case/download/param-case-3.0.4.tgz#7d17fe4aa12bde34d4a77d91acfb6219caad01c5"
    integrity sha1-fRf+SqEr3jTUp32RrPtiGcqtAcU=
    dependencies:
      dot-case "^3.0.4"
      tslib "^2.0.3"
  
  pascal-case@^3.1.2:
    version "3.1.2"
    resolved "https://registry.npm.taobao.org/pascal-case/download/pascal-case-3.1.2.tgz?cache=0&sync_timestamp=1606867306970&other_urls=https%3A%2F%2Fregistry.npm.taobao.org%2Fpascal-case%2Fdownload%2Fpascal-case-3.1.2.tgz#b48e0ef2b98e205e7c1dae747d0b1508237660eb"
    integrity sha1-tI4O8rmOIF58Ha50fQsVCCN2YOs=
    dependencies:
      no-case "^3.0.4"
      tslib "^2.0.3"
  
  path-exists@^4.0.0:
    version "4.0.0"
    resolved "https://registry.nlark.com/path-exists/download/path-exists-4.0.0.tgz#513bdbe2d3b95d7762e8c1137efa195c6c61b5b3"
    integrity sha1-UTvb4tO5XXdi6METfvoZXGxhtbM=
  
  path-is-absolute@^1.0.0:
    version "1.0.1"
    resolved "https://registry.nlark.com/path-is-absolute/download/path-is-absolute-1.0.1.tgz#174b9268735534ffbc7ace6bf53a5a9e1b5c5f5f"
    integrity sha1-F0uSaHNVNP+8es5r9TpanhtcX18=
  
  path-is-inside@^1.0.2:
    version "1.0.2"
    resolved "https://registry.nlark.com/path-is-inside/download/path-is-inside-1.0.2.tgz#365417dede44430d1c11af61027facf074bdfc53"
    integrity sha1-NlQX3t5EQw0cEa9hAn+s8HS9/FM=
  
  path-key@^3.0.0, path-key@^3.1.0:
    version "3.1.1"
    resolved "https://registry.nlark.com/path-key/download/path-key-3.1.1.tgz#581f6ade658cbba65a0d3380de7753295054f375"
    integrity sha1-WB9q3mWMu6ZaDTOA3ndTKVBU83U=
  
  path-parse@^1.0.6:
    version "1.0.7"
    resolved "https://registry.nlark.com/path-parse/download/path-parse-1.0.7.tgz#fbc114b60ca42b30d9daf5858e4bd68bbedb6735"
    integrity sha1-+8EUtgykKzDZ2vWFjkvWi77bZzU=
  
  pify@^2.0.0:
    version "2.3.0"
    resolved "https://registry.nlark.com/pify/download/pify-2.3.0.tgz#ed141a6ac043a849ea588498e7dca8b15330e90c"
    integrity sha1-7RQaasBDqEnqWISY59yosVMw6Qw=
  
  pify@^4.0.1:
    version "4.0.1"
    resolved "https://registry.nlark.com/pify/download/pify-4.0.1.tgz#4b2cd25c50d598735c50292224fd8c6df41e3231"
    integrity sha1-SyzSXFDVmHNcUCkiJP2MbfQeMjE=
  
  pinkie-promise@^2.0.0:
    version "2.0.1"
    resolved "https://registry.npm.taobao.org/pinkie-promise/download/pinkie-promise-2.0.1.tgz#2135d6dfa7a358c069ac9b178776288228450ffa"
    integrity sha1-ITXW36ejWMBprJsXh3YogihFD/o=
    dependencies:
      pinkie "^2.0.0"
  
  pinkie@^2.0.0:
    version "2.0.4"
    resolved "https://registry.nlark.com/pinkie/download/pinkie-2.0.4.tgz#72556b80cfa0d48a974e80e77248e80ed4f7f870"
    integrity sha1-clVrgM+g1IqXToDnckjoDtT3+HA=
  
  pkg-dir@^4.2.0:
    version "4.2.0"
    resolved "https://registry.nlark.com/pkg-dir/download/pkg-dir-4.2.0.tgz#f099133df7ede422e81d1d8448270eeb3e4261f3"
    integrity sha1-8JkTPfft5CLoHR2ESCcO6z5CYfM=
    dependencies:
      find-up "^4.0.0"
  
  postcss-modules-extract-imports@^3.0.0:
    version "3.0.0"
    resolved "https://registry.npm.taobao.org/postcss-modules-extract-imports/download/postcss-modules-extract-imports-3.0.0.tgz?cache=0&sync_timestamp=1602588202058&other_urls=https%3A%2F%2Fregistry.npm.taobao.org%2Fpostcss-modules-extract-imports%2Fdownload%2Fpostcss-modules-extract-imports-3.0.0.tgz#cda1f047c0ae80c97dbe28c3e76a43b88025741d"
    integrity sha1-zaHwR8CugMl9vijD52pDuIAldB0=
  
  postcss-modules-local-by-default@^4.0.0:
    version "4.0.0"
    resolved "https://registry.nlark.com/postcss-modules-local-by-default/download/postcss-modules-local-by-default-4.0.0.tgz#ebbb54fae1598eecfdf691a02b3ff3b390a5a51c"
    integrity sha1-67tU+uFZjuz99pGgKz/zs5ClpRw=
    dependencies:
      icss-utils "^5.0.0"
      postcss-selector-parser "^6.0.2"
      postcss-value-parser "^4.1.0"
  
  postcss-modules-scope@^3.0.0:
    version "3.0.0"
    resolved "https://registry.nlark.com/postcss-modules-scope/download/postcss-modules-scope-3.0.0.tgz#9ef3151456d3bbfa120ca44898dfca6f2fa01f06"
    integrity sha1-nvMVFFbTu/oSDKRImN/Kby+gHwY=
    dependencies:
      postcss-selector-parser "^6.0.4"
  
  postcss-modules-values@^4.0.0:
    version "4.0.0"
    resolved "https://registry.npm.taobao.org/postcss-modules-values/download/postcss-modules-values-4.0.0.tgz?cache=0&sync_timestamp=1602586308035&other_urls=https%3A%2F%2Fregistry.npm.taobao.org%2Fpostcss-modules-values%2Fdownload%2Fpostcss-modules-values-4.0.0.tgz#d7c5e7e68c3bb3c9b27cbf48ca0bb3ffb4602c9c"
    integrity sha1-18Xn5ow7s8myfL9Iyguz/7RgLJw=
    dependencies:
      icss-utils "^5.0.0"
  
  postcss-selector-parser@^6.0.2, postcss-selector-parser@^6.0.4:
    version "6.0.6"
    resolved "https://registry.nlark.com/postcss-selector-parser/download/postcss-selector-parser-6.0.6.tgz#2c5bba8174ac2f6981ab631a42ab0ee54af332ea"
    integrity sha1-LFu6gXSsL2mBq2MaQqsO5UrzMuo=
    dependencies:
      cssesc "^3.0.0"
      util-deprecate "^1.0.2"
  
  postcss-value-parser@^4.1.0:
    version "4.1.0"
    resolved "https://registry.nlark.com/postcss-value-parser/download/postcss-value-parser-4.1.0.tgz?cache=0&sync_timestamp=1618847024602&other_urls=https%3A%2F%2Fregistry.nlark.com%2Fpostcss-value-parser%2Fdownload%2Fpostcss-value-parser-4.1.0.tgz#443f6a20ced6481a2bda4fa8532a6e55d789a2cb"
    integrity sha1-RD9qIM7WSBor2k+oUypuVdeJoss=
  
  postcss@^8.2.15:
    version "8.3.5"
    resolved "https://registry.nlark.com/postcss/download/postcss-8.3.5.tgz#982216b113412bc20a86289e91eb994952a5b709"
    integrity sha1-mCIWsRNBK8IKhiiekeuZSVKltwk=
    dependencies:
      colorette "^1.2.2"
      nanoid "^3.1.23"
      source-map-js "^0.6.2"
  
  pretty-error@^3.0.4:
    version "3.0.4"
    resolved "https://registry.nlark.com/pretty-error/download/pretty-error-3.0.4.tgz#94b1d54f76c1ed95b9c604b9de2194838e5b574e"
    integrity sha1-lLHVT3bB7ZW5xgS53iGUg45bV04=
    dependencies:
      lodash "^4.17.20"
      renderkid "^2.0.6"
  
  punycode@^2.1.0:
    version "2.1.1"
    resolved "https://registry.nlark.com/punycode/download/punycode-2.1.1.tgz#b58b010ac40c22c5657616c8d2c2c02c7bf479ec"
    integrity sha1-tYsBCsQMIsVldhbI0sLALHv0eew=
  
  randombytes@^2.1.0:
    version "2.1.0"
    resolved "https://registry.npm.taobao.org/randombytes/download/randombytes-2.1.0.tgz#df6f84372f0270dc65cdf6291349ab7a473d4f2a"
    integrity sha1-32+ENy8CcNxlzfYpE0mrekc9Tyo=
    dependencies:
      safe-buffer "^5.1.0"
  
  rechoir@^0.7.0:
    version "0.7.0"
    resolved "https://registry.npm.taobao.org/rechoir/download/rechoir-0.7.0.tgz#32650fd52c21ab252aa5d65b19310441c7e03aca"
    integrity sha1-MmUP1SwhqyUqpdZbGTEEQcfgOso=
    dependencies:
      resolve "^1.9.0"
  
  relateurl@^0.2.7:
    version "0.2.7"
    resolved "https://registry.nlark.com/relateurl/download/relateurl-0.2.7.tgz#54dbf377e51440aca90a4cd274600d3ff2d888a9"
    integrity sha1-VNvzd+UUQKypCkzSdGANP/LYiKk=
  
  renderkid@^2.0.6:
    version "2.0.7"
    resolved "https://registry.nlark.com/renderkid/download/renderkid-2.0.7.tgz#464f276a6bdcee606f4a15993f9b29fc74ca8609"
    integrity sha1-Rk8namvc7mBvShWZP5sp/HTKhgk=
    dependencies:
      css-select "^4.1.3"
      dom-converter "^0.2.0"
      htmlparser2 "^6.1.0"
      lodash "^4.17.21"
      strip-ansi "^3.0.1"
  
  resolve-cwd@^3.0.0:
    version "3.0.0"
    resolved "https://registry.npm.taobao.org/resolve-cwd/download/resolve-cwd-3.0.0.tgz#0f0075f1bb2544766cf73ba6a6e2adfebcb13f2d"
    integrity sha1-DwB18bslRHZs9zumpuKt/ryxPy0=
    dependencies:
      resolve-from "^5.0.0"
  
  resolve-from@^5.0.0:
    version "5.0.0"
    resolved "https://registry.npm.taobao.org/resolve-from/download/resolve-from-5.0.0.tgz#c35225843df8f776df21c57557bc087e9dfdfc69"
    integrity sha1-w1IlhD3493bfIcV1V7wIfp39/Gk=
  
  resolve@^1.9.0:
    version "1.20.0"
    resolved "https://registry.nlark.com/resolve/download/resolve-1.20.0.tgz#629a013fb3f70755d6f0b7935cc1c2c5378b1975"
    integrity sha1-YpoBP7P3B1XW8LeTXMHCxTeLGXU=
    dependencies:
      is-core-module "^2.2.0"
      path-parse "^1.0.6"
  
  rimraf@^2.6.3:
    version "2.7.1"
    resolved "https://registry.npm.taobao.org/rimraf/download/rimraf-2.7.1.tgz#35797f13a7fdadc566142c29d4f07ccad483e3ec"
    integrity sha1-NXl/E6f9rcVmFCwp1PB8ytSD4+w=
    dependencies:
      glob "^7.1.3"
  
  safe-buffer@^5.1.0:
    version "5.2.1"
    resolved "https://registry.nlark.com/safe-buffer/download/safe-buffer-5.2.1.tgz#1eaf9fa9bdb1fdd4ec75f58f9cdb4e6b7827eec6"
    integrity sha1-Hq+fqb2x/dTsdfWPnNtOa3gn7sY=
  
  schema-utils@^3.0.0:
    version "3.0.0"
    resolved "https://registry.nlark.com/schema-utils/download/schema-utils-3.0.0.tgz#67502f6aa2b66a2d4032b4279a2944978a0913ef"
    integrity sha1-Z1AvaqK2ai1AMrQnmilEl4oJE+8=
    dependencies:
      "@types/json-schema" "^7.0.6"
      ajv "^6.12.5"
      ajv-keywords "^3.5.2"
  
  semver@^7.3.5:
    version "7.3.5"
    resolved "https://registry.npm.taobao.org/semver/download/semver-7.3.5.tgz?cache=0&sync_timestamp=1616463641178&other_urls=https%3A%2F%2Fregistry.npm.taobao.org%2Fsemver%2Fdownload%2Fsemver-7.3.5.tgz#0b621c879348d8998e4b0e4be94b3f12e6018ef7"
    integrity sha1-C2Ich5NI2JmOSw5L6Us/EuYBjvc=
    dependencies:
      lru-cache "^6.0.0"
  
  serialize-javascript@^5.0.1:
    version "5.0.1"
    resolved "https://registry.nlark.com/serialize-javascript/download/serialize-javascript-5.0.1.tgz#7886ec848049a462467a97d3d918ebb2aaf934f4"
    integrity sha1-eIbshIBJpGJGepfT2Rjrsqr5NPQ=
    dependencies:
      randombytes "^2.1.0"
  
  shallow-clone@^3.0.0:
    version "3.0.1"
    resolved "https://registry.npm.taobao.org/shallow-clone/download/shallow-clone-3.0.1.tgz#8f2981ad92531f55035b01fb230769a40e02efa3"
    integrity sha1-jymBrZJTH1UDWwH7IwdppA4C76M=
    dependencies:
      kind-of "^6.0.2"
  
  shebang-command@^2.0.0:
    version "2.0.0"
    resolved "https://registry.nlark.com/shebang-command/download/shebang-command-2.0.0.tgz#ccd0af4f8835fbdc265b82461aaf0c36663f34ea"
    integrity sha1-zNCvT4g1+9wmW4JGGq8MNmY/NOo=
    dependencies:
      shebang-regex "^3.0.0"
  
  shebang-regex@^3.0.0:
    version "3.0.0"
    resolved "https://registry.npm.taobao.org/shebang-regex/download/shebang-regex-3.0.0.tgz#ae16f1644d873ecad843b0307b143362d4c42172"
    integrity sha1-rhbxZE2HPsrYQ7AwexQzYtTEIXI=
  
  signal-exit@^3.0.3:
    version "3.0.3"
    resolved "https://registry.nlark.com/signal-exit/download/signal-exit-3.0.3.tgz#a1410c2edd8f077b08b4e253c8eacfcaf057461c"
    integrity sha1-oUEMLt2PB3sItOJTyOrPyvBXRhw=
  
  source-list-map@^2.0.0, source-list-map@^2.0.1:
    version "2.0.1"
    resolved "https://registry.npm.taobao.org/source-list-map/download/source-list-map-2.0.1.tgz#3993bd873bfc48479cca9ea3a547835c7c154b34"
    integrity sha1-OZO9hzv8SEecyp6jpUeDXHwVSzQ=
  
  source-map-js@^0.6.2:
    version "0.6.2"
    resolved "https://registry.npm.taobao.org/source-map-js/download/source-map-js-0.6.2.tgz#0bb5de631b41cfbda6cfba8bd05a80efdfd2385e"
    integrity sha1-C7XeYxtBz72mz7qL0FqA79/SOF4=
  
  source-map-support@~0.5.12, source-map-support@~0.5.19:
    version "0.5.19"
    resolved "https://registry.nlark.com/source-map-support/download/source-map-support-0.5.19.tgz?cache=0&sync_timestamp=1618847050054&other_urls=https%3A%2F%2Fregistry.nlark.com%2Fsource-map-support%2Fdownload%2Fsource-map-support-0.5.19.tgz#a98b62f86dcaf4f67399648c085291ab9e8fed61"
    integrity sha1-qYti+G3K9PZzmWSMCFKRq56P7WE=
    dependencies:
      buffer-from "^1.0.0"
      source-map "^0.6.0"
  
  source-map@^0.6.0, source-map@^0.6.1, source-map@~0.6.0, source-map@~0.6.1:
    version "0.6.1"
    resolved "https://registry.nlark.com/source-map/download/source-map-0.6.1.tgz?cache=0&other_urls=https%3A%2F%2Fregistry.nlark.com%2Fsource-map%2Fdownload%2Fsource-map-0.6.1.tgz#74722af32e9614e9c287a8d0bbde48b5e2f1a263"
    integrity sha1-dHIq8y6WFOnCh6jQu95IteLxomM=
  
  source-map@~0.7.2:
    version "0.7.3"
    resolved "https://registry.nlark.com/source-map/download/source-map-0.7.3.tgz?cache=0&other_urls=https%3A%2F%2Fregistry.nlark.com%2Fsource-map%2Fdownload%2Fsource-map-0.7.3.tgz#5302f8169031735226544092e64981f751750383"
    integrity sha1-UwL4FpAxc1ImVECS5kmB91F1A4M=
  
  strip-ansi@^3.0.1:
    version "3.0.1"
    resolved "https://registry.npm.taobao.org/strip-ansi/download/strip-ansi-3.0.1.tgz?cache=0&sync_timestamp=1618553299612&other_urls=https%3A%2F%2Fregistry.npm.taobao.org%2Fstrip-ansi%2Fdownload%2Fstrip-ansi-3.0.1.tgz#6a385fb8853d952d5ff05d0e8aaf94278dc63dcf"
    integrity sha1-ajhfuIU9lS1f8F0Oiq+UJ43GPc8=
    dependencies:
      ansi-regex "^2.0.0"
  
  strip-final-newline@^2.0.0:
    version "2.0.0"
    resolved "https://registry.nlark.com/strip-final-newline/download/strip-final-newline-2.0.0.tgz?cache=0&sync_timestamp=1620046435959&other_urls=https%3A%2F%2Fregistry.nlark.com%2Fstrip-final-newline%2Fdownload%2Fstrip-final-newline-2.0.0.tgz#89b852fb2fcbe936f6f4b3187afb0a12c1ab58ad"
    integrity sha1-ibhS+y/L6Tb29LMYevsKEsGrWK0=
  
  style-loader@^3.0.0:
    version "3.0.0"
    resolved "https://registry.nlark.com/style-loader/download/style-loader-3.0.0.tgz#2eafcd0dbe70b07438e0256a9714ea94dd63cbe0"
    integrity sha1-Lq/NDb5wsHQ44CVqlxTqlN1jy+A=
  
  supports-color@^8.0.0:
    version "8.1.1"
    resolved "https://registry.nlark.com/supports-color/download/supports-color-8.1.1.tgz?cache=0&sync_timestamp=1622293670728&other_urls=https%3A%2F%2Fregistry.nlark.com%2Fsupports-color%2Fdownload%2Fsupports-color-8.1.1.tgz#cd6fc17e28500cff56c1b86c0a7fd4a54a73005c"
    integrity sha1-zW/BfihQDP9WwbhsCn/UpUpzAFw=
    dependencies:
      has-flag "^4.0.0"
  
  tapable@^2.0.0, tapable@^2.1.1, tapable@^2.2.0:
    version "2.2.0"
    resolved "https://registry.npm.taobao.org/tapable/download/tapable-2.2.0.tgz?cache=0&sync_timestamp=1607088902003&other_urls=https%3A%2F%2Fregistry.npm.taobao.org%2Ftapable%2Fdownload%2Ftapable-2.2.0.tgz#5c373d281d9c672848213d0e037d1c4165ab426b"
    integrity sha1-XDc9KB2cZyhIIT0OA30cQWWrQms=
  
  terser-webpack-plugin@^5.1.3:
    version "5.1.3"
    resolved "https://registry.nlark.com/terser-webpack-plugin/download/terser-webpack-plugin-5.1.3.tgz#30033e955ca28b55664f1e4b30a1347e61aa23af"
    integrity sha1-MAM+lVyii1VmTx5LMKE0fmGqI68=
    dependencies:
      jest-worker "^27.0.2"
      p-limit "^3.1.0"
      schema-utils "^3.0.0"
      serialize-javascript "^5.0.1"
      source-map "^0.6.1"
      terser "^5.7.0"
  
  terser@^4.6.3:
    version "4.8.0"
    resolved "https://registry.nlark.com/terser/download/terser-4.8.0.tgz#63056343d7c70bb29f3af665865a46fe03a0df17"
    integrity sha1-YwVjQ9fHC7KfOvZlhlpG/gOg3xc=
    dependencies:
      commander "^2.20.0"
      source-map "~0.6.1"
      source-map-support "~0.5.12"
  
  terser@^5.7.0:
    version "5.7.0"
    resolved "https://registry.nlark.com/terser/download/terser-5.7.0.tgz#a761eeec206bc87b605ab13029876ead938ae693"
    integrity sha1-p2Hu7CBryHtgWrEwKYdurZOK5pM=
    dependencies:
      commander "^2.20.0"
      source-map "~0.7.2"
      source-map-support "~0.5.19"
  
  tslib@^2.0.3:
    version "2.3.0"
    resolved "https://registry.nlark.com/tslib/download/tslib-2.3.0.tgz#803b8cdab3e12ba581a4ca41c8839bbb0dacb09e"
    integrity sha1-gDuM2rPhK6WBpMpByIObuw2ssJ4=
  
  uri-js@^4.2.2:
    version "4.4.1"
    resolved "https://registry.npm.taobao.org/uri-js/download/uri-js-4.4.1.tgz?cache=0&sync_timestamp=1610237517218&other_urls=https%3A%2F%2Fregistry.npm.taobao.org%2Furi-js%2Fdownload%2Furi-js-4.4.1.tgz#9b1a52595225859e55f669d928f88c6c57f2a77e"
    integrity sha1-mxpSWVIlhZ5V9mnZKPiMbFfyp34=
    dependencies:
      punycode "^2.1.0"
  
  util-deprecate@^1.0.2:
    version "1.0.2"
    resolved "https://registry.nlark.com/util-deprecate/download/util-deprecate-1.0.2.tgz#450d4dc9fa70de732762fbd2d4a28981419a0ccf"
    integrity sha1-RQ1Nyfpw3nMnYvvS1KKJgUGaDM8=
  
  utila@~0.4:
    version "0.4.0"
    resolved "https://registry.nlark.com/utila/download/utila-0.4.0.tgz#8a16a05d445657a3aea5eecc5b12a4fa5379772c"
    integrity sha1-ihagXURWV6Oupe7MWxKk+lN5dyw=
  
  v8-compile-cache@^2.2.0:
    version "2.3.0"
    resolved "https://registry.npm.taobao.org/v8-compile-cache/download/v8-compile-cache-2.3.0.tgz#2de19618c66dc247dcfb6f99338035d8245a2cee"
    integrity sha1-LeGWGMZtwkfc+2+ZM4A12CRaLO4=
  
  watchpack@^2.2.0:
    version "2.2.0"
    resolved "https://registry.nlark.com/watchpack/download/watchpack-2.2.0.tgz#47d78f5415fe550ecd740f99fe2882323a58b1ce"
    integrity sha1-R9ePVBX+VQ7NdA+Z/iiCMjpYsc4=
    dependencies:
      glob-to-regexp "^0.4.1"
      graceful-fs "^4.1.2"
  
  webpack-cli@^4.7.2:
    version "4.7.2"
    resolved "https://registry.nlark.com/webpack-cli/download/webpack-cli-4.7.2.tgz#a718db600de6d3906a4357e059ae584a89f4c1a5"
    integrity sha1-pxjbYA3m05BqQ1fgWa5YSon0waU=
    dependencies:
      "@discoveryjs/json-ext" "^0.5.0"
      "@webpack-cli/configtest" "^1.0.4"
      "@webpack-cli/info" "^1.3.0"
      "@webpack-cli/serve" "^1.5.1"
      colorette "^1.2.1"
      commander "^7.0.0"
      execa "^5.0.0"
      fastest-levenshtein "^1.0.12"
      import-local "^3.0.2"
      interpret "^2.2.0"
      rechoir "^0.7.0"
      v8-compile-cache "^2.2.0"
      webpack-merge "^5.7.3"
  
  webpack-merge@^5.7.3:
    version "5.8.0"
    resolved "https://registry.nlark.com/webpack-merge/download/webpack-merge-5.8.0.tgz#2b39dbf22af87776ad744c390223731d30a68f61"
    integrity sha1-Kznb8ir4d3atdEw5AiNzHTCmj2E=
    dependencies:
      clone-deep "^4.0.1"
      wildcard "^2.0.0"
  
  webpack-sources@^1.1.0:
    version "1.4.3"
    resolved "https://registry.nlark.com/webpack-sources/download/webpack-sources-1.4.3.tgz#eedd8ec0b928fbf1cbfe994e22d2d890f330a933"
    integrity sha1-7t2OwLko+/HL/plOItLYkPMwqTM=
    dependencies:
      source-list-map "^2.0.0"
      source-map "~0.6.1"
  
  webpack-sources@^2.3.0:
    version "2.3.0"
    resolved "https://registry.nlark.com/webpack-sources/download/webpack-sources-2.3.0.tgz#9ed2de69b25143a4c18847586ad9eccb19278cfa"
    integrity sha1-ntLeabJRQ6TBiEdYatnsyxknjPo=
    dependencies:
      source-list-map "^2.0.1"
      source-map "^0.6.1"
  
  webpack@^5.40.0:
    version "5.40.0"
    resolved "https://registry.nlark.com/webpack/download/webpack-5.40.0.tgz#3182cfd324759d715252cf541901a226e57b5061"
    integrity sha1-MYLP0yR1nXFSUs9UGQGiJuV7UGE=
    dependencies:
      "@types/eslint-scope" "^3.7.0"
      "@types/estree" "^0.0.47"
      "@webassemblyjs/ast" "1.11.0"
      "@webassemblyjs/wasm-edit" "1.11.0"
      "@webassemblyjs/wasm-parser" "1.11.0"
      acorn "^8.2.1"
      browserslist "^4.14.5"
      chrome-trace-event "^1.0.2"
      enhanced-resolve "^5.8.0"
      es-module-lexer "^0.6.0"
      eslint-scope "5.1.1"
      events "^3.2.0"
      glob-to-regexp "^0.4.1"
      graceful-fs "^4.2.4"
      json-parse-better-errors "^1.0.2"
      loader-runner "^4.2.0"
      mime-types "^2.1.27"
      neo-async "^2.6.2"
      schema-utils "^3.0.0"
      tapable "^2.1.1"
      terser-webpack-plugin "^5.1.3"
      watchpack "^2.2.0"
      webpack-sources "^2.3.0"
  
  which@^2.0.1:
    version "2.0.2"
    resolved "https://registry.nlark.com/which/download/which-2.0.2.tgz#7c6a8dd0a636a0327e10b59c9286eee93f3f51b1"
    integrity sha1-fGqN0KY2oDJ+ELWckobu6T8/UbE=
    dependencies:
      isexe "^2.0.0"
  
  wildcard@^2.0.0:
    version "2.0.0"
    resolved "https://registry.npm.taobao.org/wildcard/download/wildcard-2.0.0.tgz#a77d20e5200c6faaac979e4b3aadc7b3dd7f8fec"
    integrity sha1-p30g5SAMb6qsl55LOq3Hs91/j+w=
  
  wrappy@1:
    version "1.0.2"
    resolved "https://registry.nlark.com/wrappy/download/wrappy-1.0.2.tgz#b5243d8f3ec1aa35f1364605bc0d1036e30ab69f"
    integrity sha1-tSQ9jz7BqjXxNkYFvA0QNuMKtp8=
  
  yallist@^4.0.0:
    version "4.0.0"
    resolved "https://registry.nlark.com/yallist/download/yallist-4.0.0.tgz#9bb92790d9c0effec63be73519e11a35019a3a72"
    integrity sha1-m7knkNnA7/7GO+c1GeEaNQGaOnI=
  
  yocto-queue@^0.1.0:
    version "0.1.0"
    resolved "https://registry.npm.taobao.org/yocto-queue/download/yocto-queue-0.1.0.tgz?cache=0&sync_timestamp=1606290282107&other_urls=https%3A%2F%2Fregistry.npm.taobao.org%2Fyocto-queue%2Fdownload%2Fyocto-queue-0.1.0.tgz#0294eb3dee05028d31ee1a5fa2c556a6aaf10a1b"
    integrity sha1-ApTrPe4FAo0x7hpfosVWpqrxChs=
